<?xml version="1.0" encoding="UTF-8"?>
<!-- Generated by org.testng.reporters.JUnitReportReporter -->
<testsuite hostname="DESKTOP-KPOO7FJ" failures="0" tests="7" name="sample.Sample1" time="0.054" errors="0" timestamp="2024-08-27T16:09:26 PDT" skipped="0">
  <testcase classname="sample.Sample1" name="deleteUser" time="0.013"/>
  <system-out/>
  <testcase classname="sample.Sample1" name="creatUser" time="0.016"/>
  <system-out/>
  <testcase classname="sample.Sample1" name="creatUser" time="0.008"/>
  <system-out/>
  <testcase classname="sample.Sample1" name="creatUser" time="0.003"/>
  <system-out/>
  <testcase classname="sample.Sample1" name="creatUser" time="0.007"/>
  <system-out/>
  <testcase classname="sample.Sample1" name="creatUser" time="0.003"/>
  <system-out/>
  <testcase classname="sample.Sample1" name="modifieyUser" time="0.004"/>
  <system-out/>
</testsuite> <!-- sample.Sample1 -->
